This is pdfTeX, Version 3.14159265-2.6-1.40.15 (TeX Live 2014) (preloaded format=pdflatex 2014.12.10)  19 DEC 2014 08:04
entering extended mode
 restricted \write18 enabled.
 %&-line parsing enabled.
**dec.tex
(./dec.tex
LaTeX2e <2014/05/01>
Babel <3.9l> and hyphenation patterns for 79 languages loaded.
(/usr/local/texlive/2014/texmf-dist/tex/latex/base/article.cls
Document Class: article 2014/09/29 v1.4h Standard LaTeX document class
(/usr/local/texlive/2014/texmf-dist/tex/latex/base/size11.clo
File: size11.clo 2014/09/29 v1.4h Standard LaTeX file (size option)
)
\c@part=\count79
\c@section=\count80
\c@subsection=\count81
\c@subsubsection=\count82
\c@paragraph=\count83
\c@subparagraph=\count84
\c@figure=\count85
\c@table=\count86
\abovecaptionskip=\skip41
\belowcaptionskip=\skip42
\bibindent=\dimen102
)
(/usr/local/texlive/2014/texmf-dist/tex/latex/graphics/graphicx.sty
Package: graphicx 2014/10/28 v1.0g Enhanced LaTeX Graphics (DPC,SPQR)

(/usr/local/texlive/2014/texmf-dist/tex/latex/graphics/keyval.sty
Package: keyval 2014/10/28 v1.15 key=value parser (DPC)
\KV@toks@=\toks14
)
(/usr/local/texlive/2014/texmf-dist/tex/latex/graphics/graphics.sty
Package: graphics 2014/10/28 v1.0p Standard LaTeX Graphics (DPC,SPQR)

(/usr/local/texlive/2014/texmf-dist/tex/latex/graphics/trig.sty
Package: trig 1999/03/16 v1.09 sin cos tan (DPC)
)
(/usr/local/texlive/2014/texmf-dist/tex/latex/latexconfig/graphics.cfg
File: graphics.cfg 2010/04/23 v1.9 graphics configuration of TeX Live
)
Package graphics Info: Driver file: pdftex.def on input line 91.

(/usr/local/texlive/2014/texmf-dist/tex/latex/pdftex-def/pdftex.def
File: pdftex.def 2011/05/27 v0.06d Graphics/color for pdfTeX

(/usr/local/texlive/2014/texmf-dist/tex/generic/oberdiek/infwarerr.sty
Package: infwarerr 2010/04/08 v1.3 Providing info/warning/error messages (HO)
)
(/usr/local/texlive/2014/texmf-dist/tex/generic/oberdiek/ltxcmds.sty
Package: ltxcmds 2011/11/09 v1.22 LaTeX kernel commands for general use (HO)
)
\Gread@gobject=\count87
))
\Gin@req@height=\dimen103
\Gin@req@width=\dimen104
)
(/usr/local/texlive/2014/texmf-dist/tex/latex/graphics/epsfig.sty
Package: epsfig 1999/02/16 v1.7a (e)psfig emulation (SPQR)
\epsfxsize=\dimen105
\epsfysize=\dimen106
)
(/usr/local/texlive/2014/texmf-dist/tex/latex/graphics/color.sty
Package: color 2014/10/28 v1.1a Standard LaTeX Color (DPC)

(/usr/local/texlive/2014/texmf-dist/tex/latex/latexconfig/color.cfg
File: color.cfg 2007/01/18 v1.5 color configuration of teTeX/TeXLive
)
Package color Info: Driver file: pdftex.def on input line 137.
)
(/usr/local/texlive/2014/texmf-dist/tex/latex/subfigure/subfigure.sty
Package: subfigure 2002/03/15 v2.1.5 subfigure package
\subfigtopskip=\skip43
\subfigcapskip=\skip44
\subfigcaptopadj=\dimen107
\subfigbottomskip=\skip45
\subfigcapmargin=\dimen108
\subfiglabelskip=\skip46
\c@subfigure=\count88
\c@lofdepth=\count89
\c@subtable=\count90
\c@lotdepth=\count91

****************************************
* Local config file subfigure.cfg used *
****************************************
(/usr/local/texlive/2014/texmf-dist/tex/latex/subfigure/subfigure.cfg)
\subfig@top=\skip47
\subfig@bottom=\skip48
)
(/usr/local/texlive/2014/texmf-dist/tex/latex/setspace/setspace.sty
Package: setspace 2011/12/19 v6.7a set line spacing
)
(/usr/local/texlive/2014/texmf-dist/tex/latex/amsmath/amsmath.sty
Package: amsmath 2013/01/14 v2.14 AMS math features
\@mathmargin=\skip49

For additional information on amsmath, use the `?' option.
(/usr/local/texlive/2014/texmf-dist/tex/latex/amsmath/amstext.sty
Package: amstext 2000/06/29 v2.01

(/usr/local/texlive/2014/texmf-dist/tex/latex/amsmath/amsgen.sty
File: amsgen.sty 1999/11/30 v2.0
\@emptytoks=\toks15
\ex@=\dimen109
))
(/usr/local/texlive/2014/texmf-dist/tex/latex/amsmath/amsbsy.sty
Package: amsbsy 1999/11/29 v1.2d
\pmbraise@=\dimen110
)
(/usr/local/texlive/2014/texmf-dist/tex/latex/amsmath/amsopn.sty
Package: amsopn 1999/12/14 v2.01 operator names
)
\inf@bad=\count92
LaTeX Info: Redefining \frac on input line 210.
\uproot@=\count93
\leftroot@=\count94
LaTeX Info: Redefining \overline on input line 306.
\classnum@=\count95
\DOTSCASE@=\count96
LaTeX Info: Redefining \ldots on input line 378.
LaTeX Info: Redefining \dots on input line 381.
LaTeX Info: Redefining \cdots on input line 466.
\Mathstrutbox@=\box26
\strutbox@=\box27
\big@size=\dimen111
LaTeX Font Info:    Redeclaring font encoding OML on input line 566.
LaTeX Font Info:    Redeclaring font encoding OMS on input line 567.
\macc@depth=\count97
\c@MaxMatrixCols=\count98
\dotsspace@=\muskip10
\c@parentequation=\count99
\dspbrk@lvl=\count100
\tag@help=\toks16
\row@=\count101
\column@=\count102
\maxfields@=\count103
\andhelp@=\toks17
\eqnshift@=\dimen112
\alignsep@=\dimen113
\tagshift@=\dimen114
\tagwidth@=\dimen115
\totwidth@=\dimen116
\lineht@=\dimen117
\@envbody=\toks18
\multlinegap=\skip50
\multlinetaggap=\skip51
\mathdisplay@stack=\toks19
LaTeX Info: Redefining \[ on input line 2665.
LaTeX Info: Redefining \] on input line 2666.
)
(/usr/local/texlive/2014/texmf-dist/tex/latex/amsfonts/amssymb.sty
Package: amssymb 2013/01/14 v3.01 AMS font symbols

(/usr/local/texlive/2014/texmf-dist/tex/latex/amsfonts/amsfonts.sty
Package: amsfonts 2013/01/14 v3.01 Basic AMSFonts support
\symAMSa=\mathgroup4
\symAMSb=\mathgroup5
LaTeX Font Info:    Overwriting math alphabet `\mathfrak' in version `bold'
(Font)                  U/euf/m/n --> U/euf/b/n on input line 106.
))
(/usr/local/texlive/2014/texmf-dist/tex/latex/caption/caption.sty
Package: caption 2013/05/02 v3.3-89 Customizing captions (AR)

(/usr/local/texlive/2014/texmf-dist/tex/latex/caption/caption3.sty
Package: caption3 2013/05/02 v1.6-88 caption3 kernel (AR)
Package caption3 Info: TeX engine: e-TeX on input line 57.
\captionmargin=\dimen118
\captionmargin@=\dimen119
\captionwidth=\dimen120
\caption@tempdima=\dimen121
\caption@indent=\dimen122
\caption@parindent=\dimen123
\caption@hangindent=\dimen124
)
\c@ContinuedFloat=\count104
Package caption Info: subfigure package is loaded.
) (./dec.aux)
\openout1 = `dec.aux'.

LaTeX Font Info:    Checking defaults for OML/cmm/m/it on input line 56.
LaTeX Font Info:    ... okay on input line 56.
LaTeX Font Info:    Checking defaults for T1/cmr/m/n on input line 56.
LaTeX Font Info:    ... okay on input line 56.
LaTeX Font Info:    Checking defaults for OT1/cmr/m/n on input line 56.
LaTeX Font Info:    ... okay on input line 56.
LaTeX Font Info:    Checking defaults for OMS/cmsy/m/n on input line 56.
LaTeX Font Info:    ... okay on input line 56.
LaTeX Font Info:    Checking defaults for OMX/cmex/m/n on input line 56.
LaTeX Font Info:    ... okay on input line 56.
LaTeX Font Info:    Checking defaults for U/cmr/m/n on input line 56.
LaTeX Font Info:    ... okay on input line 56.
 (/usr/local/texlive/2014/texmf-dist/tex/context/base/supp-pdf.mkii
[Loading MPS to PDF converter (version 2006.09.02).]
\scratchcounter=\count105
\scratchdimen=\dimen125
\scratchbox=\box28
\nofMPsegments=\count106
\nofMParguments=\count107
\everyMPshowfont=\toks20
\MPscratchCnt=\count108
\MPscratchDim=\dimen126
\MPnumerator=\count109
\makeMPintoPDFobject=\count110
\everyMPtoPDFconversion=\toks21
) (/usr/local/texlive/2014/texmf-dist/tex/generic/oberdiek/pdftexcmds.sty
Package: pdftexcmds 2011/11/29 v0.20 Utility functions of pdfTeX for LuaTeX (HO
)

(/usr/local/texlive/2014/texmf-dist/tex/generic/oberdiek/ifluatex.sty
Package: ifluatex 2010/03/01 v1.3 Provides the ifluatex switch (HO)
Package ifluatex Info: LuaTeX not detected.
)
(/usr/local/texlive/2014/texmf-dist/tex/generic/oberdiek/ifpdf.sty
Package: ifpdf 2011/01/30 v2.3 Provides the ifpdf switch (HO)
Package ifpdf Info: pdfTeX in PDF mode is detected.
)
Package pdftexcmds Info: LuaTeX not detected.
Package pdftexcmds Info: \pdf@primitive is available.
Package pdftexcmds Info: \pdf@ifprimitive is available.
Package pdftexcmds Info: \pdfdraftmode found.
)
(/usr/local/texlive/2014/texmf-dist/tex/latex/oberdiek/epstopdf-base.sty
Package: epstopdf-base 2010/02/09 v2.5 Base part for package epstopdf

(/usr/local/texlive/2014/texmf-dist/tex/latex/oberdiek/grfext.sty
Package: grfext 2010/08/19 v1.1 Manage graphics extensions (HO)

(/usr/local/texlive/2014/texmf-dist/tex/generic/oberdiek/kvdefinekeys.sty
Package: kvdefinekeys 2011/04/07 v1.3 Define keys (HO)
))
(/usr/local/texlive/2014/texmf-dist/tex/latex/oberdiek/kvoptions.sty
Package: kvoptions 2011/06/30 v3.11 Key value format for package options (HO)

(/usr/local/texlive/2014/texmf-dist/tex/generic/oberdiek/kvsetkeys.sty
Package: kvsetkeys 2012/04/25 v1.16 Key value parser (HO)

(/usr/local/texlive/2014/texmf-dist/tex/generic/oberdiek/etexcmds.sty
Package: etexcmds 2011/02/16 v1.5 Avoid name clashes with e-TeX commands (HO)
Package etexcmds Info: Could not find \expanded.
(etexcmds)             That can mean that you are not using pdfTeX 1.50 or
(etexcmds)             that some package has redefined \expanded.
(etexcmds)             In the latter case, load this package earlier.
)))
Package grfext Info: Graphics extension search list:
(grfext)             [.png,.pdf,.jpg,.mps,.jpeg,.jbig2,.jb2,.PNG,.PDF,.JPG,.JPE
G,.JBIG2,.JB2,.eps]
(grfext)             \AppendGraphicsExtensions on input line 452.

(/usr/local/texlive/2014/texmf-dist/tex/latex/latexconfig/epstopdf-sys.cfg
File: epstopdf-sys.cfg 2010/07/13 v1.3 Configuration of (r)epstopdf for TeX Liv
e
))
Package caption Info: Begin \AtBeginDocument code.
Package caption Info: End \AtBeginDocument code.

<./figs/fig_logo.jpg, id=1, 452.69125pt x 574.145pt>
File: ./figs/fig_logo.jpg Graphic file (type jpg)
 <use ./figs/fig_logo.jpg>
Package pdftex.def Info: ./figs/fig_logo.jpg used on input line 87.
(pdftex.def)             Requested size: 113.64334pt x 144.13162pt.

[1

{/usr/local/texlive/2014/texmf-var/fonts/map/pdftex/updmap/pdftex.map} <./figs/
fig_logo.jpg>]

LaTeX Warning: Citation `hellman:2007' on page 1 undefined on input line 109.


LaTeX Warning: Citation `divitiis:1994' on page 1 undefined on input line 110.


LaTeX Warning: Citation `mcdonald:2005a' on page 1 undefined on input line 133.



LaTeX Warning: Citation `mcdonald:2008' on page 1 undefined on input line 135.

[1

]

LaTeX Warning: Citation `gombosi:1994a' on page 2 undefined on input line 158.

LaTeX Font Info:    Try loading font information for U+msa on input line 160.
(/usr/local/texlive/2014/texmf-dist/tex/latex/amsfonts/umsa.fd
File: umsa.fd 2013/01/14 v3.01 AMS symbols A
)
LaTeX Font Info:    Try loading font information for U+msb on input line 160.

(/usr/local/texlive/2014/texmf-dist/tex/latex/amsfonts/umsb.fd
File: umsb.fd 2013/01/14 v3.01 AMS symbols B
) [2]

LaTeX Warning: Citation `bhatnagar:1954' on page 3 undefined on input line 230.



LaTeX Warning: Citation `bird:1976' on page 3 undefined on input line 241.


LaTeX Warning: Citation `holway:1966' on page 3 undefined on input line 246.

[3]

LaTeX Warning: Citation `grad:1949' on page 4 undefined on input line 271.


LaTeX Warning: Citation `levermore:1996a' on page 4 undefined on input line 274
.


LaTeX Warning: Citation `grad:1949' on page 4 undefined on input line 291.


LaTeX Warning: Citation `hittinger:2000' on page 4 undefined on input line 329.


[4]

LaTeX Warning: Citation `struchtrup:2003' on page 5 undefined on input line 368
.


LaTeX Warning: Citation `mcdonald:2008' on page 5 undefined on input line 370.


LaTeX Warning: Citation `mcdonald:2010' on page 5 undefined on input line 370.


LaTeX Warning: Citation `mcdonald:2005a' on page 5 undefined on input line 399.



LaTeX Warning: Citation `charest:2008' on page 5 undefined on input line 409.


LaTeX Warning: Citation `groth:2005' on page 5 undefined on input line 409.

[5] [6] [7]

LaTeX Warning: Citation `saad:1986' on page 8 undefined on input line 538.


LaTeX Warning: Citation `charest:2008' on page 8 undefined on input line 543.


LaTeX Warning: Citation `northrup:2009a' on page 8 undefined on input line 544.



LaTeX Warning: Citation `saad:1996' on page 8 undefined on input line 559.


LaTeX Warning: Citation `nielsen:1995' on page 8 undefined on input line 585.

[8]

LaTeX Warning: Citation `coudeville:1965' on page 9 undefined on input line 614
.


LaTeX Warning: Citation `patterson:1961' on page 9 undefined on input line 616.


<./figs/cylinder1.jpg, id=47, 892.33376pt x 804.00375pt>
File: ./figs/cylinder1.jpg Graphic file (type jpg)

<use ./figs/cylinder1.jpg>
Package pdftex.def Info: ./figs/cylinder1.jpg used on input line 625.
(pdftex.def)             Requested size: 300.82182pt x 271.03899pt.

<./figs/AMR_mesh2.jpg, id=48, 1066.98625pt x 926.46124pt>
File: ./figs/AMR_mesh2.jpg Graphic file (type jpg)

<use ./figs/AMR_mesh2.jpg>
Package pdftex.def Info: ./figs/AMR_mesh2.jpg used on input line 634.
(pdftex.def)             Requested size: 200.55128pt x 174.13515pt.

<./figs/contexample.jpg, id=49, 1066.98625pt x 926.46124pt>
File: ./figs/contexample.jpg Graphic file (type jpg)

<use ./figs/contexample.jpg>
Package pdftex.def Info: ./figs/contexample.jpg used on input line 645.
(pdftex.def)             Requested size: 147.07025pt x 127.69627pt.

<./figs/transexample.jpg, id=50, 1066.98625pt x 926.46124pt>
File: ./figs/transexample.jpg Graphic file (type jpg)

<use ./figs/transexample.jpg>
Package pdftex.def Info: ./figs/transexample.jpg used on input line 647.
(pdftex.def)             Requested size: 147.07025pt x 127.69627pt.

<./figs/freeexample.jpg, id=51, 1066.98625pt x 926.46124pt>
File: ./figs/freeexample.jpg Graphic file (type jpg)

<use ./figs/freeexample.jpg>
Package pdftex.def Info: ./figs/freeexample.jpg used on input line 650.
(pdftex.def)             Requested size: 147.07025pt x 127.69627pt.


LaTeX Warning: Citation `granger:1995' on page 9 undefined on input line 669.

[9 <./figs/cylinder1.jpg>] <./figs/Kn000002.jpg, id=55, 813.0375pt x 706.64pt>
File: ./figs/Kn000002.jpg Graphic file (type jpg)

<use ./figs/Kn000002.jpg>
Package pdftex.def Info: ./figs/Kn000002.jpg used on input line 695.
(pdftex.def)             Requested size: 233.9782pt x 203.35689pt.
 <./figs/Kn02.jpg, id=56, 1066.98625pt x 926.46124pt>
File: ./figs/Kn02.jpg Graphic file (type jpg)

<use ./figs/Kn02.jpg>
Package pdftex.def Info: ./figs/Kn02.jpg used on input line 697.
(pdftex.def)             Requested size: 233.9782pt x 203.15767pt.
 [10 <./figs/AMR_mesh2.jpg> <./figs/contexample.jpg> <./figs/transexample.jpg> 
<./figs/freeexample.jpg>]

LaTeX Warning: Citation `vincenti:1975' on page 11 undefined on input line 724.


<./figs/slip_velocity.jpg, id=63, 1066.98625pt x 926.46124pt>
File: ./figs/slip_velocity.jpg Graphic file (type jpg)

<use ./figs/slip_velocity.jpg>
Package pdftex.def Info: ./figs/slip_velocity.jpg used on input line 750.
(pdftex.def)             Requested size: 233.9782pt x 203.15767pt.

<./figs/shear_stress.jpg, id=64, 1066.98625pt x 926.46124pt>
File: ./figs/shear_stress.jpg Graphic file (type jpg)

<use ./figs/shear_stress.jpg>
Package pdftex.def Info: ./figs/shear_stress.jpg used on input line 752.
(pdftex.def)             Requested size: 233.9782pt x 203.15767pt.
 [11 <./figs/Kn000002.jpg> <./figs/Kn02.jpg>]
(./dec.bbl [12 <./figs/slip_velocity.jpg> <./figs/shear_stress.jpg>] [13]
[14]) [15] (./dec.aux)

LaTeX Warning: There were undefined references.


LaTeX Warning: Label(s) may have changed. Rerun to get cross-references right.

 ) 
Here is how much of TeX's memory you used:
 3825 strings out of 493109
 56825 string characters out of 6135003
 120254 words of memory out of 5000000
 7218 multiletter control sequences out of 15000+600000
 15742 words of font info for 58 fonts, out of 8000000 for 9000
 1141 hyphenation exceptions out of 8191
 38i,9n,38p,381b,414s stack positions out of 5000i,500n,10000p,200000b,80000s
</usr/local/texlive/2014/texmf-dist/fonts/type1/public/amsfonts/cm/cmbx10.pfb
></usr/local/texlive/2014/texmf-dist/fonts/type1/public/amsfonts/cm/cmbx12.pfb>
</usr/local/texlive/2014/texmf-dist/fonts/type1/public/amsfonts/cm/cmbx8.pfb></
usr/local/texlive/2014/texmf-dist/fonts/type1/public/amsfonts/cm/cmex10.pfb></u
sr/local/texlive/2014/texmf-dist/fonts/type1/public/amsfonts/cmextra/cmex8.pfb>
</usr/local/texlive/2014/texmf-dist/fonts/type1/public/amsfonts/cm/cmmi10.pfb><
/usr/local/texlive/2014/texmf-dist/fonts/type1/public/amsfonts/cm/cmmi6.pfb></u
sr/local/texlive/2014/texmf-dist/fonts/type1/public/amsfonts/cm/cmmi8.pfb></usr
/local/texlive/2014/texmf-dist/fonts/type1/public/amsfonts/cm/cmr10.pfb></usr/l
ocal/texlive/2014/texmf-dist/fonts/type1/public/amsfonts/cm/cmr12.pfb></usr/loc
al/texlive/2014/texmf-dist/fonts/type1/public/amsfonts/cm/cmr17.pfb></usr/local
/texlive/2014/texmf-dist/fonts/type1/public/amsfonts/cm/cmr6.pfb></usr/local/te
xlive/2014/texmf-dist/fonts/type1/public/amsfonts/cm/cmr7.pfb></usr/local/texli
ve/2014/texmf-dist/fonts/type1/public/amsfonts/cm/cmr8.pfb></usr/local/texlive/
2014/texmf-dist/fonts/type1/public/amsfonts/cm/cmr9.pfb></usr/local/texlive/201
4/texmf-dist/fonts/type1/public/amsfonts/cm/cmsy10.pfb></usr/local/texlive/2014
/texmf-dist/fonts/type1/public/amsfonts/cm/cmsy7.pfb></usr/local/texlive/2014/t
exmf-dist/fonts/type1/public/amsfonts/cm/cmsy8.pfb></usr/local/texlive/2014/tex
mf-dist/fonts/type1/public/amsfonts/cm/cmti10.pfb>
Output written on dec.pdf (16 pages, 2633763 bytes).
PDF statistics:
 142 PDF objects out of 1000 (max. 8388607)
 94 compressed objects within 1 object stream
 0 named destinations out of 1000 (max. 500000)
 51 words of extra memory for PDF output out of 10000 (max. 10000000)

